<?xml version="1.0" encoding="UTF-8"?>
<testsuite xmlns:xsi="http://www.w3.org/2001/XMLSchema-instance" xsi:noNamespaceSchemaLocation="https://maven.apache.org/surefire/maven-surefire-plugin/xsd/surefire-test-report.xsd" name="com.automation.runner.Runner" time="93.922" tests="20" errors="0" skipped="0" failures="2">
  <properties>
[...]
</properties>
  <testcase name="Given user launch the application" classname="Scenario: User checking login using valid username and password" time="0.004"/>
  <testcase name="When user click login button" classname="Scenario: User checking login using valid username and password" time="0"/>
  <testcase name="And user enter valid username in username field" classname="Scenario: User checking login using valid username and password" time="0"/>
  <testcase name="And user enter valid password in password field" classname="Scenario: User checking login using valid username and password" time="0"/>
  <testcase name="And user click on login button" classname="Scenario: User checking login using valid username and password" time="0"/>
  <testcase name="Then user confirm whether it navigates to homepage screen" classname="Scenario: User checking login using valid username and password" time="0"/>
  <testcase name="Scenario: User checking login using valid username and password" classname="Scenario: User checking login using valid username and password" time="0.005"/>
  <testcase name="Given user select the category" classname="Scenario: user add the product into cart" time="0"/>
  <testcase name="When user select the product" classname="Scenario: user add the product into cart" time="0"/>
  <testcase name="And user add product into the cart" classname="Scenario: user add the product into cart" time="0"/>
  <testcase name="Then product proceed to checkout" classname="Scenario: user add the product into cart" time="0"/>
  <testcase name="Scenario: user add the product into cart" classname="Scenario: user add the product into cart" time="0.008"/>
  <testcase name="Given user check the product summary and proceed to checkout" classname="Scenario: user place the order" time="0"/>
  <testcase name="When user choose the delivery address and proceed to checkout" classname="Scenario: user place the order" time="0"/>
  <testcase name="And user agree the terms and conditions" classname="Scenario: user place the order" time="0"/>
  <testcase name="And user proceeds the order" classname="Scenario: user place the order" time="0.001"/>
  <testcase name="And user select the payment options" classname="Scenario: user place the order" time="0"/>
  <testcase name="And finally user place the order" classname="Scenario: user place the order" time="0"/>
  <testcase name="Then user logout from account" classname="Scenario: user place the order" time="0.019">
    <failure message="expected:&lt;true&gt; but was:&lt;false&gt;" type="junit.framework.AssertionFailedError"><![CDATA[junit.framework.AssertionFailedError: expected:<true> but was:<false>
]]></failure>
    <system-err><![CDATA[[1585930826.450][SEVERE]: Timed out receiving message from renderer: 0.100
[1585930826.728][SEVERE]: Timed out receiving message from renderer: 0.100
[1585930826.830][SEVERE]: Timed out receiving message from renderer: 0.100
]]></system-err>
  </testcase>
  <testcase name="Scenario: user place the order" classname="Scenario: user place the order" time="0.019">
    <failure message="expected:&lt;true&gt; but was:&lt;false&gt;" type="junit.framework.AssertionFailedError"><![CDATA[junit.framework.AssertionFailedError: expected:<true> but was:<false>
]]></failure>
  </testcase>
</testsuite>